Arguments: 
  /usr/bin/node /usr/lib/node_modules/yarn/lib/cli.js add mf-blog-theme

PATH: 
  /home/logeekal/miniconda3/bin:/nfs/home1/jkathuri/bin:/nfs/home1/jkathuri/.local/bin:/home/logeekal/miniconda3/bin:/nfs/home1/jkathuri/bin:/nfs/home1/jkathuri/.local/bin:/home/logeekal/miniconda3/bin:/nfs/home1/jkathuri/bin:/nfs/home1/jkathuri/.local/bin:/home/logeekal/miniconda3/bin:/nfs/home1/jkathuri/bin:/nfs/home1/jkathuri/.local/bin:/home/logeekal/miniconda3/bin:/nfs/home1/jkathuri/bin:/nfs/home1/jkathuri/.local/bin:/home/logeekal/miniconda3/bin:/nfs/home1/jkathuri/bin:/nfs/home1/jkathuri/.local/bin:/opt/anss/bin:/opt/anss/sbin:/usr/local/sbin:/usr/local/bin:/usr/sbin:/usr/bin:/sbin:/bin:/usr/games:/usr/local/games:/snap/bin:/mnt/c/Program\ Files/Docker/Docker/resources/bin:/mnt/c/ProgramData/Miniconda3/Scripts:/mnt/c/Program\ Files/Docker/Docker/resources/bin:/mnt/c/ProgramData/Miniconda3/Scripts:/mnt/c/Program\ Files/Docker/Docker/resources/bin:/mnt/c/ProgramData/Miniconda3/Scripts:/mnt/c/Program\ Files/Docker/Docker/resources/bin:/mnt/c/ProgramData/Miniconda3/Scripts:/mnt/c/Program\ Files/Docker/Docker/resources/bin:/mnt/c/ProgramData/Miniconda3/Scripts:/mnt/c/Program\ Files/Docker/Docker/resources/bin:/mnt/c/ProgramData/Miniconda3/Scripts

Yarn version: 
  1.22.4

Node version: 
  12.16.3

Platform: 
  linux x64

Trace: 
  Error: https://registry.yarnpkg.com/mf-blog-theme: Not found
      at Request.params.callback [as _callback] (/usr/lib/node_modules/yarn/lib/cli.js:66987:18)
      at Request.self.callback (/usr/lib/node_modules/yarn/lib/cli.js:140748:22)
      at Request.emit (events.js:310:20)
      at Request.<anonymous> (/usr/lib/node_modules/yarn/lib/cli.js:141720:10)
      at Request.emit (events.js:310:20)
      at IncomingMessage.<anonymous> (/usr/lib/node_modules/yarn/lib/cli.js:141642:12)
      at Object.onceWrapper (events.js:416:28)
      at IncomingMessage.emit (events.js:322:22)
      at endReadableNT (_stream_readable.js:1187:12)
      at processTicksAndRejections (internal/process/task_queues.js:84:21)

npm manifest: 
  {
    "name": "mf",
    "version": "1.0.0",
    "main": "index.js",
    "license": "MIT"
  }

yarn manifest: 
  No manifest

Lockfile: 
  No lockfile
